<?xml version="1.0" encoding="UTF-8"?>
<testng-results skipped="0" failed="1" total="4" passed="3">
  <reporter-output>
    <line>
      <![CDATA[Browser Open]]>
    </line>
    <line>
      <![CDATA[Browser Open]]>
    </line>
    <line>
      <![CDATA[Browser Open]]>
    </line>
    <line>
      <![CDATA[Browser Open]]>
    </line>
  </reporter-output>
  <suite name="Regression Suite" duration-ms="41231" started-at="2018-08-11T14:57:35Z" finished-at="2018-08-11T14:58:17Z">
    <groups>
    </groups>
    <test name="search Maven All" duration-ms="32806" started-at="2018-08-11T14:57:35Z" finished-at="2018-08-11T14:58:08Z">
      <class name="com.google.search.Test1">
        <test-method status="PASS" signature="beforeTest()[pri:0, instance:com.google.search.Test1@245b4bdc]" name="beforeTest" is-config="true" duration-ms="11861" started-at="2018-08-11T20:27:35Z" finished-at="2018-08-11T20:27:47Z">
          <reporter-output>
            <line>
              <![CDATA[Browser Open]]>
            </line>
          </reporter-output>
        </test-method> <!-- beforeTest -->
        <test-method status="PASS" signature="beforeTest()[pri:0, instance:com.google.search.Test2@6c64cb25]" name="beforeTest" is-config="true" duration-ms="10409" started-at="2018-08-11T20:27:47Z" finished-at="2018-08-11T20:27:58Z">
          <reporter-output>
            <line>
              <![CDATA[Browser Open]]>
            </line>
          </reporter-output>
        </test-method> <!-- beforeTest -->
        <test-method status="PASS" signature="beforeTest()[pri:0, instance:com.google.search.Test3@6ae5aa72]" name="beforeTest" is-config="true" duration-ms="7823" started-at="2018-08-11T20:27:58Z" finished-at="2018-08-11T20:28:05Z">
          <reporter-output>
            <line>
              <![CDATA[Browser Open]]>
            </line>
          </reporter-output>
        </test-method> <!-- beforeTest -->
        <test-method status="PASS" signature="test()[pri:0, instance:com.google.search.Test1@245b4bdc]" name="test" duration-ms="6" started-at="2018-08-11T20:28:05Z" finished-at="2018-08-11T20:28:05Z">
          <reporter-output>
          </reporter-output>
        </test-method> <!-- test -->
        <test-method status="PASS" signature="afterTest()[pri:0, instance:com.google.search.Test1@245b4bdc]" name="afterTest" is-config="true" duration-ms="947" started-at="2018-08-11T20:28:05Z" finished-at="2018-08-11T20:28:06Z">
          <reporter-output>
          </reporter-output>
        </test-method> <!-- afterTest -->
        <test-method status="PASS" signature="afterTest()[pri:0, instance:com.google.search.Test2@6c64cb25]" name="afterTest" is-config="true" duration-ms="892" started-at="2018-08-11T20:28:06Z" finished-at="2018-08-11T20:28:07Z">
          <reporter-output>
          </reporter-output>
        </test-method> <!-- afterTest -->
        <test-method status="PASS" signature="afterTest()[pri:0, instance:com.google.search.Test3@6ae5aa72]" name="afterTest" is-config="true" duration-ms="841" started-at="2018-08-11T20:28:07Z" finished-at="2018-08-11T20:28:08Z">
          <reporter-output>
          </reporter-output>
        </test-method> <!-- afterTest -->
      </class> <!-- com.google.search.Test1 -->
      <class name="com.google.search.Test3">
        <test-method status="PASS" signature="test()[pri:0, instance:com.google.search.Test3@6ae5aa72]" name="test" duration-ms="1" started-at="2018-08-11T20:28:05Z" finished-at="2018-08-11T20:28:05Z">
          <reporter-output>
          </reporter-output>
        </test-method> <!-- test -->
      </class> <!-- com.google.search.Test3 -->
      <class name="com.google.search.Test2">
        <test-method status="FAIL" signature="test()[pri:0, instance:com.google.search.Test2@6c64cb25]" name="test" duration-ms="3" started-at="2018-08-11T20:28:05Z" finished-at="2018-08-11T20:28:05Z">
          <exception class="java.lang.AssertionError">
            <message>
              <![CDATA[expected [true] but found [false]]]>
            </message>
            <full-stacktrace>
              <![CDATA[java.lang.AssertionError: expected [true] but found [false]
	at org.testng.Assert.fail(Assert.java:94)
	at org.testng.Assert.failNotEquals(Assert.java:513)
	at org.testng.Assert.assertTrue(Assert.java:42)
	at org.testng.Assert.assertTrue(Assert.java:52)
	at com.google.search.Test2.test(Test2.java:19)
	at sun.reflect.NativeMethodAccessorImpl.invoke0(Native Method)
	at sun.reflect.NativeMethodAccessorImpl.invoke(Unknown Source)
	at sun.reflect.DelegatingMethodAccessorImpl.invoke(Unknown Source)
	at java.lang.reflect.Method.invoke(Unknown Source)
	at org.testng.internal.MethodInvocationHelper.invokeMethod(MethodInvocationHelper.java:86)
	at org.testng.internal.Invoker.invokeMethod(Invoker.java:643)
	at org.testng.internal.Invoker.invokeTestMethod(Invoker.java:820)
	at org.testng.internal.Invoker.invokeTestMethods(Invoker.java:1128)
	at org.testng.internal.TestMethodWorker.invokeTestMethods(TestMethodWorker.java:129)
	at org.testng.internal.TestMethodWorker.run(TestMethodWorker.java:112)
	at org.testng.TestRunner.privateRun(TestRunner.java:782)
	at org.testng.TestRunner.run(TestRunner.java:632)
	at org.testng.SuiteRunner.runTest(SuiteRunner.java:366)
	at org.testng.SuiteRunner.runSequentially(SuiteRunner.java:361)
	at org.testng.SuiteRunner.privateRun(SuiteRunner.java:319)
	at org.testng.SuiteRunner.run(SuiteRunner.java:268)
	at org.testng.SuiteRunnerWorker.runSuite(SuiteRunnerWorker.java:52)
	at org.testng.SuiteRunnerWorker.run(SuiteRunnerWorker.java:86)
	at org.testng.TestNG.runSuitesSequentially(TestNG.java:1244)
	at org.testng.TestNG.runSuitesLocally(TestNG.java:1169)
	at org.testng.TestNG.run(TestNG.java:1064)
	at org.testng.remote.AbstractRemoteTestNG.run(AbstractRemoteTestNG.java:114)
	at org.testng.remote.RemoteTestNG.initAndRun(RemoteTestNG.java:251)
	at org.testng.remote.RemoteTestNG.main(RemoteTestNG.java:77)
]]>
            </full-stacktrace>
          </exception> <!-- java.lang.AssertionError -->
          <reporter-output>
          </reporter-output>
        </test-method> <!-- test -->
      </class> <!-- com.google.search.Test2 -->
    </test> <!-- search Maven All -->
    <test name="search 2" duration-ms="8406" started-at="2018-08-11T14:58:08Z" finished-at="2018-08-11T14:58:17Z">
      <class name="com.google.search.Test3">
        <test-method status="PASS" signature="beforeTest()[pri:0, instance:com.google.search.Test3@7f3b84b8]" name="beforeTest" is-config="true" duration-ms="7498" started-at="2018-08-11T20:28:08Z" finished-at="2018-08-11T20:28:16Z">
          <reporter-output>
            <line>
              <![CDATA[Browser Open]]>
            </line>
          </reporter-output>
        </test-method> <!-- beforeTest -->
        <test-method status="PASS" signature="test()[pri:0, instance:com.google.search.Test3@7f3b84b8]" name="test" duration-ms="2" started-at="2018-08-11T20:28:16Z" finished-at="2018-08-11T20:28:16Z">
          <reporter-output>
          </reporter-output>
        </test-method> <!-- test -->
        <test-method status="PASS" signature="afterTest()[pri:0, instance:com.google.search.Test3@7f3b84b8]" name="afterTest" is-config="true" duration-ms="900" started-at="2018-08-11T20:28:16Z" finished-at="2018-08-11T20:28:17Z">
          <reporter-output>
          </reporter-output>
        </test-method> <!-- afterTest -->
      </class> <!-- com.google.search.Test3 -->
    </test> <!-- search 2 -->
  </suite> <!-- Regression Suite -->
</testng-results>
